2017-11-22 11:36:55.576 |-INFO  [main] org.springframework.context.annotation.AnnotationConfigApplicationContext [583] -| Refreshing org.springframework.context.annotation.AnnotationConfigApplicationContext@117e949d: startup date [Wed Nov 22 11:36:55 CST 2017]; root of context hierarchy
2017-11-22 11:36:55.862 |-DEBUG [background-preinit] org.jboss.logging [160] -| Logging Provider: org.jboss.logging.Slf4jLoggerProvider found via system property
2017-11-22 11:36:55.865 |-INFO  [background-preinit] org.hibernate.validator.internal.util.Version [30] -| HV000001: Hibernate Validator 5.3.5.Final
2017-11-22 11:36:55.912 |-DEBUG [background-preinit] org.hibernate.validator.internal.engine.resolver.DefaultTraversableResolver [80] -| Found javax.persistence.Persistence on classpath, but no method 'getPersistenceUtil'. Assuming JPA 1 environment. All properties will per default be traversable.
2017-11-22 11:36:56.217 |-INFO  [main] org.springframework.beans.factory.annotation.AutowiredAnnotationBeanPostProcessor [155] -| JSR-330 'javax.inject.Inject' annotation found and supported for autowiring
2017-11-22 11:36:56.278 |-INFO  [main] org.springframework.context.support.PostProcessorRegistrationDelegate$BeanPostProcessorChecker [327] -| Bean 'configurationPropertiesRebinderAutoConfiguration' of type [org.springframework.cloud.autoconfigure.ConfigurationPropertiesRebinderAutoConfiguration$$EnhancerBySpringCGLIB$$27470fa3] is not eligible for getting processed by all BeanPostProcessors (for example: not eligible for auto-proxying)
2017-11-22 11:36:56.383 |-DEBUG [main] org.hibernate.validator.internal.engine.resolver.DefaultTraversableResolver [80] -| Found javax.persistence.Persistence on classpath, but no method 'getPersistenceUtil'. Assuming JPA 1 environment. All properties will per default be traversable.
2017-11-22 11:36:56.405 |-DEBUG [main] org.hibernate.validator.internal.engine.resolver.DefaultTraversableResolver [80] -| Found javax.persistence.Persistence on classpath, but no method 'getPersistenceUtil'. Assuming JPA 1 environment. All properties will per default be traversable.
2017-11-22 11:36:56.414 |-DEBUG [main] org.hibernate.validator.internal.engine.ConfigurationImpl [163] -| Setting custom MessageInterpolator of type org.springframework.validation.beanvalidation.LocaleContextMessageInterpolator
2017-11-22 11:36:56.416 |-DEBUG [main] org.hibernate.validator.internal.engine.ConfigurationImpl [185] -| Setting custom ConstraintValidatorFactory of type org.springframework.validation.beanvalidation.SpringConstraintValidatorFactory
2017-11-22 11:36:56.418 |-DEBUG [main] org.hibernate.validator.internal.engine.ConfigurationImpl [199] -| Setting custom ParameterNameProvider of type com.sun.proxy.$Proxy29
2017-11-22 11:36:56.421 |-DEBUG [main] org.hibernate.validator.internal.xml.ValidationXmlParser [99] -| Trying to load META-INF/validation.xml for XML based Validator configuration.
2017-11-22 11:36:56.424 |-DEBUG [main] org.hibernate.validator.internal.xml.ResourceLoaderHelper [47] -| Trying to load META-INF/validation.xml via user class loader
2017-11-22 11:36:56.426 |-DEBUG [main] org.hibernate.validator.internal.xml.ResourceLoaderHelper [54] -| Trying to load META-INF/validation.xml via TCCL
2017-11-22 11:36:56.427 |-DEBUG [main] org.hibernate.validator.internal.xml.ResourceLoaderHelper [60] -| Trying to load META-INF/validation.xml via Hibernate Validator's class loader
2017-11-22 11:36:56.428 |-DEBUG [main] org.hibernate.validator.internal.xml.ValidationXmlParser [106] -| No META-INF/validation.xml found. Using annotation based configuration only.
2017-11-22 11:36:56.776 |-INFO  [main] com.yonyou.cloud.ops.service.OpsServiceApplication [593] -| No active profile set, falling back to default profiles: default
2017-11-22 11:36:56.801 |-INFO  [main] org.springframework.boot.context.embedded.AnnotationConfigEmbeddedWebApplicationContext [583] -| Refreshing org.springframework.boot.context.embedded.AnnotationConfigEmbeddedWebApplicationContext@2d36e77e: startup date [Wed Nov 22 11:36:56 CST 2017]; parent: org.springframework.context.annotation.AnnotationConfigApplicationContext@117e949d
2017-11-22 11:36:57.766 |-DEBUG [main] org.mybatis.spring.mapper.ClassPathMapperScanner [294] -| Identified candidate component class: file [/Users/BENJAMIN/Documents/ForGit/microservice-ops/ops-service/target/classes/com/yonyou/cloud/ops/service/mapper/InstanceInfoMapper.class]
2017-11-22 11:36:57.767 |-DEBUG [main] org.mybatis.spring.mapper.ClassPathMapperScanner [180] -| Creating MapperFactoryBean with name 'instanceInfoMapper' and 'com.yonyou.cloud.ops.service.mapper.InstanceInfoMapper' mapperInterface
2017-11-22 11:36:57.768 |-DEBUG [main] org.mybatis.spring.mapper.ClassPathMapperScanner [216] -| Enabling autowire by type for MapperFactoryBean with name 'instanceInfoMapper'.
2017-11-22 11:36:58.525 |-INFO  [main] org.springframework.cloud.context.scope.GenericScope [263] -| BeanFactory id=fe6dda51-936c-3225-a830-4110e9b1c676
2017-11-22 11:36:58.601 |-INFO  [main] org.springframework.beans.factory.annotation.AutowiredAnnotationBeanPostProcessor [155] -| JSR-330 'javax.inject.Inject' annotation found and supported for autowiring
2017-11-22 11:36:58.675 |-INFO  [main] org.springframework.context.support.PostProcessorRegistrationDelegate$BeanPostProcessorChecker [327] -| Bean 'com.yonyou.cloud.ops.service.service.EurekaApi' of type [org.springframework.cloud.netflix.feign.FeignClientFactoryBean] is not eligible for getting processed by all BeanPostProcessors (for example: not eligible for auto-proxying)
2017-11-22 11:36:58.929 |-INFO  [main] org.springframework.context.support.PostProcessorRegistrationDelegate$BeanPostProcessorChecker [327] -| Bean 'org.springframework.transaction.annotation.ProxyTransactionManagementConfiguration' of type [org.springframework.transaction.annotation.ProxyTransactionManagementConfiguration$$EnhancerBySpringCGLIB$$b2d0ca6] is not eligible for getting processed by all BeanPostProcessors (for example: not eligible for auto-proxying)
2017-11-22 11:36:59.243 |-INFO  [main] org.springframework.context.support.PostProcessorRegistrationDelegate$BeanPostProcessorChecker [327] -| Bean 'org.springframework.cloud.autoconfigure.ConfigurationPropertiesRebinderAutoConfiguration' of type [org.springframework.cloud.autoconfigure.ConfigurationPropertiesRebinderAutoConfiguration$$EnhancerBySpringCGLIB$$27470fa3] is not eligible for getting processed by all BeanPostProcessors (for example: not eligible for auto-proxying)
2017-11-22 11:36:59.361 |-DEBUG [main] org.hibernate.validator.internal.engine.resolver.DefaultTraversableResolver [80] -| Found javax.persistence.Persistence on classpath, but no method 'getPersistenceUtil'. Assuming JPA 1 environment. All properties will per default be traversable.
2017-11-22 11:36:59.363 |-DEBUG [main] org.hibernate.validator.internal.engine.resolver.DefaultTraversableResolver [80] -| Found javax.persistence.Persistence on classpath, but no method 'getPersistenceUtil'. Assuming JPA 1 environment. All properties will per default be traversable.
2017-11-22 11:36:59.371 |-DEBUG [main] org.hibernate.validator.internal.engine.ConfigurationImpl [163] -| Setting custom MessageInterpolator of type org.springframework.validation.beanvalidation.LocaleContextMessageInterpolator
2017-11-22 11:36:59.371 |-DEBUG [main] org.hibernate.validator.internal.engine.ConfigurationImpl [185] -| Setting custom ConstraintValidatorFactory of type org.springframework.validation.beanvalidation.SpringConstraintValidatorFactory
2017-11-22 11:36:59.372 |-DEBUG [main] org.hibernate.validator.internal.engine.ConfigurationImpl [199] -| Setting custom ParameterNameProvider of type com.sun.proxy.$Proxy29
2017-11-22 11:36:59.372 |-DEBUG [main] org.hibernate.validator.internal.xml.ValidationXmlParser [99] -| Trying to load META-INF/validation.xml for XML based Validator configuration.
2017-11-22 11:36:59.373 |-DEBUG [main] org.hibernate.validator.internal.xml.ResourceLoaderHelper [47] -| Trying to load META-INF/validation.xml via user class loader
2017-11-22 11:36:59.374 |-DEBUG [main] org.hibernate.validator.internal.xml.ResourceLoaderHelper [54] -| Trying to load META-INF/validation.xml via TCCL
2017-11-22 11:36:59.375 |-DEBUG [main] org.hibernate.validator.internal.xml.ResourceLoaderHelper [60] -| Trying to load META-INF/validation.xml via Hibernate Validator's class loader
2017-11-22 11:36:59.376 |-DEBUG [main] org.hibernate.validator.internal.xml.ValidationXmlParser [106] -| No META-INF/validation.xml found. Using annotation based configuration only.
2017-11-22 11:37:00.062 |-INFO  [main] org.springframework.boot.context.embedded.tomcat.TomcatEmbeddedServletContainer [89] -| Tomcat initialized with port(s): 8088 (http)
2017-11-22 11:37:00.083 |-INFO  [main] org.apache.catalina.core.StandardService [179] -| Starting service [Tomcat]
2017-11-22 11:37:00.085 |-INFO  [main] org.apache.catalina.core.StandardEngine [179] -| Starting Servlet Engine: Apache Tomcat/8.5.23
2017-11-22 11:37:00.307 |-INFO  [localhost-startStop-1] org.apache.catalina.core.ContainerBase.[Tomcat].[localhost].[/ops/service] [179] -| Initializing Spring embedded WebApplicationContext
2017-11-22 11:37:00.308 |-INFO  [localhost-startStop-1] org.springframework.web.context.ContextLoader [276] -| Root WebApplicationContext: initialization completed in 3507 ms
2017-11-22 11:37:00.745 |-INFO  [localhost-startStop-1] org.springframework.boot.web.servlet.ServletRegistrationBean [190] -| Mapping servlet: 'dispatcherServlet' to [/]
2017-11-22 11:37:00.747 |-INFO  [localhost-startStop-1] org.springframework.boot.web.servlet.ServletRegistrationBean [190] -| Mapping servlet: 'statViewServlet' to [/druid/*]
2017-11-22 11:37:00.752 |-INFO  [localhost-startStop-1] org.springframework.boot.web.servlet.FilterRegistrationBean [258] -| Mapping filter: 'characterEncodingFilter' to: [/*]
2017-11-22 11:37:00.753 |-INFO  [localhost-startStop-1] org.springframework.boot.web.servlet.FilterRegistrationBean [258] -| Mapping filter: 'hiddenHttpMethodFilter' to: [/*]
2017-11-22 11:37:00.754 |-INFO  [localhost-startStop-1] org.springframework.boot.web.servlet.FilterRegistrationBean [258] -| Mapping filter: 'httpPutFormContentFilter' to: [/*]
2017-11-22 11:37:00.754 |-INFO  [localhost-startStop-1] org.springframework.boot.web.servlet.FilterRegistrationBean [258] -| Mapping filter: 'requestContextFilter' to: [/*]
2017-11-22 11:37:00.755 |-INFO  [localhost-startStop-1] org.springframework.boot.web.servlet.FilterRegistrationBean [271] -| Mapping filter: 'webStatFilter' to urls: [/*]
2017-11-22 11:37:01.054 |-INFO  [main] org.springframework.context.annotation.AnnotationConfigApplicationContext [583] -| Refreshing org.springframework.context.annotation.AnnotationConfigApplicationContext@6c9320c2: startup date [Wed Nov 22 11:37:01 CST 2017]; parent: org.springframework.boot.context.embedded.AnnotationConfigEmbeddedWebApplicationContext@2d36e77e
2017-11-22 11:37:01.081 |-INFO  [main] org.springframework.beans.factory.annotation.AutowiredAnnotationBeanPostProcessor [155] -| JSR-330 'javax.inject.Inject' annotation found and supported for autowiring
2017-11-22 11:37:01.586 |-DEBUG [main] org.hibernate.validator.internal.engine.resolver.DefaultTraversableResolver [80] -| Found javax.persistence.Persistence on classpath, but no method 'getPersistenceUtil'. Assuming JPA 1 environment. All properties will per default be traversable.
2017-11-22 11:37:01.587 |-DEBUG [main] org.hibernate.validator.internal.engine.resolver.DefaultTraversableResolver [80] -| Found javax.persistence.Persistence on classpath, but no method 'getPersistenceUtil'. Assuming JPA 1 environment. All properties will per default be traversable.
2017-11-22 11:37:01.589 |-DEBUG [main] org.hibernate.validator.internal.engine.ConfigurationImpl [163] -| Setting custom MessageInterpolator of type org.springframework.validation.beanvalidation.LocaleContextMessageInterpolator
2017-11-22 11:37:01.589 |-DEBUG [main] org.hibernate.validator.internal.engine.ConfigurationImpl [185] -| Setting custom ConstraintValidatorFactory of type org.springframework.validation.beanvalidation.SpringConstraintValidatorFactory
2017-11-22 11:37:01.590 |-DEBUG [main] org.hibernate.validator.internal.engine.ConfigurationImpl [199] -| Setting custom ParameterNameProvider of type com.sun.proxy.$Proxy29
2017-11-22 11:37:01.591 |-DEBUG [main] org.hibernate.validator.internal.xml.ValidationXmlParser [99] -| Trying to load META-INF/validation.xml for XML based Validator configuration.
2017-11-22 11:37:01.591 |-DEBUG [main] org.hibernate.validator.internal.xml.ResourceLoaderHelper [47] -| Trying to load META-INF/validation.xml via user class loader
2017-11-22 11:37:01.592 |-DEBUG [main] org.hibernate.validator.internal.xml.ResourceLoaderHelper [54] -| Trying to load META-INF/validation.xml via TCCL
2017-11-22 11:37:01.594 |-DEBUG [main] org.hibernate.validator.internal.xml.ResourceLoaderHelper [60] -| Trying to load META-INF/validation.xml via Hibernate Validator's class loader
2017-11-22 11:37:01.595 |-DEBUG [main] org.hibernate.validator.internal.xml.ValidationXmlParser [106] -| No META-INF/validation.xml found. Using annotation based configuration only.
2017-11-22 11:37:03.860 |-DEBUG [main] org.apache.ibatis.logging.LogFactory [135] -| Logging initialized using 'class org.apache.ibatis.logging.slf4j.Slf4jImpl' adapter.
2017-11-22 11:37:03.969 |-DEBUG [main] org.apache.ibatis.io.VFS [84] -| Using VFS adapter org.mybatis.spring.boot.autoconfigure.SpringBootVFS
2017-11-22 11:37:03.977 |-DEBUG [main] org.apache.ibatis.io.ResolverUtil [256] -| Checking to see if class com.yonyou.cloud.ops.service.entity.EurekaApplications$Applications$Application$Instance$LeaseInfo matches criteria [is assignable to Object]
2017-11-22 11:37:03.979 |-DEBUG [main] org.apache.ibatis.io.ResolverUtil [256] -| Checking to see if class com.yonyou.cloud.ops.service.entity.EurekaApplications$Applications$Application$Instance$Port matches criteria [is assignable to Object]
2017-11-22 11:37:03.980 |-DEBUG [main] org.apache.ibatis.io.ResolverUtil [256] -| Checking to see if class com.yonyou.cloud.ops.service.entity.EurekaApplications$Applications$Application$Instance$SecurePort matches criteria [is assignable to Object]
2017-11-22 11:37:03.981 |-DEBUG [main] org.apache.ibatis.io.ResolverUtil [256] -| Checking to see if class com.yonyou.cloud.ops.service.entity.EurekaApplications$Applications$Application$Instance matches criteria [is assignable to Object]
2017-11-22 11:37:03.985 |-DEBUG [main] org.apache.ibatis.io.ResolverUtil [256] -| Checking to see if class com.yonyou.cloud.ops.service.entity.EurekaApplications$Applications$Application matches criteria [is assignable to Object]
2017-11-22 11:37:03.986 |-DEBUG [main] org.apache.ibatis.io.ResolverUtil [256] -| Checking to see if class com.yonyou.cloud.ops.service.entity.EurekaApplications$Applications matches criteria [is assignable to Object]
2017-11-22 11:37:03.987 |-DEBUG [main] org.apache.ibatis.io.ResolverUtil [256] -| Checking to see if class com.yonyou.cloud.ops.service.entity.EurekaApplications matches criteria [is assignable to Object]
2017-11-22 11:37:03.988 |-DEBUG [main] org.apache.ibatis.io.ResolverUtil [256] -| Checking to see if class com.yonyou.cloud.ops.service.entity.InstanceInfo matches criteria [is assignable to Object]
2017-11-22 11:37:04.000 |-DEBUG [main] org.mybatis.spring.SqlSessionFactoryBean [437] -| Scanned package: 'com.yonyou.cloud.ops.service.entity' for aliases
2017-11-22 11:37:04.225 |-DEBUG [main] org.mybatis.spring.SqlSessionFactoryBean [529] -| Parsed mapper file: 'file [/Users/BENJAMIN/Documents/ForGit/microservice-ops/ops-service/target/classes/mybatis/mapper/InstanceInfoMapper.xml]'
2017-11-22 11:37:05.119 |-WARN  [main] com.netflix.config.sources.URLConfigurationSource [121] -| No URLs will be polled as dynamic configuration sources.
2017-11-22 11:37:05.120 |-INFO  [main] com.netflix.config.sources.URLConfigurationSource [122] -| To enable URLs as dynamic configuration sources, define System property archaius.configurationSource.additionalUrls or make config.properties available on classpath.
2017-11-22 11:37:05.129 |-WARN  [main] com.netflix.config.sources.URLConfigurationSource [121] -| No URLs will be polled as dynamic configuration sources.
2017-11-22 11:37:05.130 |-INFO  [main] com.netflix.config.sources.URLConfigurationSource [122] -| To enable URLs as dynamic configuration sources, define System property archaius.configurationSource.additionalUrls or make config.properties available on classpath.
2017-11-22 11:37:05.210 |-DEBUG [main] org.hibernate.validator.internal.engine.resolver.DefaultTraversableResolver [80] -| Found javax.persistence.Persistence on classpath, but no method 'getPersistenceUtil'. Assuming JPA 1 environment. All properties will per default be traversable.
2017-11-22 11:37:05.220 |-DEBUG [main] org.hibernate.validator.internal.engine.resolver.DefaultTraversableResolver [80] -| Found javax.persistence.Persistence on classpath, but no method 'getPersistenceUtil'. Assuming JPA 1 environment. All properties will per default be traversable.
2017-11-22 11:37:05.221 |-DEBUG [main] org.hibernate.validator.internal.engine.ConfigurationImpl [163] -| Setting custom MessageInterpolator of type org.springframework.validation.beanvalidation.LocaleContextMessageInterpolator
2017-11-22 11:37:05.221 |-DEBUG [main] org.hibernate.validator.internal.engine.ConfigurationImpl [185] -| Setting custom ConstraintValidatorFactory of type org.springframework.validation.beanvalidation.SpringConstraintValidatorFactory
2017-11-22 11:37:05.222 |-DEBUG [main] org.hibernate.validator.internal.engine.ConfigurationImpl [199] -| Setting custom ParameterNameProvider of type com.sun.proxy.$Proxy29
2017-11-22 11:37:05.222 |-DEBUG [main] org.hibernate.validator.internal.xml.ValidationXmlParser [99] -| Trying to load META-INF/validation.xml for XML based Validator configuration.
2017-11-22 11:37:05.223 |-DEBUG [main] org.hibernate.validator.internal.xml.ResourceLoaderHelper [47] -| Trying to load META-INF/validation.xml via user class loader
2017-11-22 11:37:05.224 |-DEBUG [main] org.hibernate.validator.internal.xml.ResourceLoaderHelper [54] -| Trying to load META-INF/validation.xml via TCCL
2017-11-22 11:37:05.224 |-DEBUG [main] org.hibernate.validator.internal.xml.ResourceLoaderHelper [60] -| Trying to load META-INF/validation.xml via Hibernate Validator's class loader
2017-11-22 11:37:05.225 |-DEBUG [main] org.hibernate.validator.internal.xml.ValidationXmlParser [106] -| No META-INF/validation.xml found. Using annotation based configuration only.
2017-11-22 11:37:05.563 |-INFO  [main] org.springframework.web.servlet.mvc.method.annotation.RequestMappingHandlerAdapter [534] -| Looking for @ControllerAdvice: org.springframework.boot.context.embedded.AnnotationConfigEmbeddedWebApplicationContext@2d36e77e: startup date [Wed Nov 22 11:36:56 CST 2017]; parent: org.springframework.context.annotation.AnnotationConfigApplicationContext@117e949d
2017-11-22 11:37:05.728 |-INFO  [main] org.springframework.web.servlet.mvc.method.annotation.RequestMappingHandlerMapping [543] -| Mapped "{[/all],methods=[GET]}" onto public com.yonyou.cloud.common.beans.RestResultResponse<com.yonyou.cloud.ops.service.entity.EurekaApplications> com.yonyou.cloud.ops.service.controller.OpsServiceController.getAll()
2017-11-22 11:37:05.733 |-INFO  [main] org.springframework.web.servlet.mvc.method.annotation.RequestMappingHandlerMapping [543] -| Mapped "{[/error]}" onto public org.springframework.http.ResponseEntity<java.util.Map<java.lang.String, java.lang.Object>> org.springframework.boot.autoconfigure.web.BasicErrorController.error(javax.servlet.http.HttpServletRequest)
2017-11-22 11:37:05.734 |-INFO  [main] org.springframework.web.servlet.mvc.method.annotation.RequestMappingHandlerMapping [543] -| Mapped "{[/error],produces=[text/html]}" onto public org.springframework.web.servlet.ModelAndView org.springframework.boot.autoconfigure.web.BasicErrorController.errorHtml(javax.servlet.http.HttpServletRequest,javax.servlet.http.HttpServletResponse)
2017-11-22 11:37:05.852 |-INFO  [main] org.springframework.web.servlet.handler.SimpleUrlHandlerMapping [362] -| Mapped URL path [/webjars/**] onto handler of type [class org.springframework.web.servlet.resource.ResourceHttpRequestHandler]
2017-11-22 11:37:05.852 |-INFO  [main] org.springframework.web.servlet.handler.SimpleUrlHandlerMapping [362] -| Mapped URL path [/**] onto handler of type [class org.springframework.web.servlet.resource.ResourceHttpRequestHandler]
2017-11-22 11:37:05.887 |-INFO  [main] org.springframework.web.servlet.mvc.method.annotation.ExceptionHandlerExceptionResolver [273] -| Detected @ExceptionHandler methods in globalExceptionHandler
2017-11-22 11:37:05.961 |-INFO  [main] org.springframework.web.servlet.handler.SimpleUrlHandlerMapping [362] -| Mapped URL path [/**/favicon.ico] onto handler of type [class org.springframework.web.servlet.resource.ResourceHttpRequestHandler]
2017-11-22 11:37:07.338 |-INFO  [main] org.springframework.jmx.export.annotation.AnnotationMBeanExporter [431] -| Registering beans for JMX exposure on startup
2017-11-22 11:37:07.341 |-INFO  [main] org.springframework.jmx.export.annotation.AnnotationMBeanExporter [916] -| Bean with name 'statFilter' has been autodetected for JMX exposure
2017-11-22 11:37:07.342 |-INFO  [main] org.springframework.jmx.export.annotation.AnnotationMBeanExporter [916] -| Bean with name 'dataSource' has been autodetected for JMX exposure
2017-11-22 11:37:07.354 |-INFO  [main] org.springframework.jmx.export.annotation.AnnotationMBeanExporter [916] -| Bean with name 'environmentManager' has been autodetected for JMX exposure
2017-11-22 11:37:07.356 |-INFO  [main] org.springframework.jmx.export.annotation.AnnotationMBeanExporter [916] -| Bean with name 'configurationPropertiesRebinder' has been autodetected for JMX exposure
2017-11-22 11:37:07.359 |-INFO  [main] org.springframework.jmx.export.annotation.AnnotationMBeanExporter [916] -| Bean with name 'refreshScope' has been autodetected for JMX exposure
2017-11-22 11:37:07.369 |-INFO  [main] org.springframework.jmx.export.annotation.AnnotationMBeanExporter [678] -| Located managed bean 'environmentManager': registering with JMX server as MBean [org.springframework.cloud.context.environment:name=environmentManager,type=EnvironmentManager]
2017-11-22 11:37:07.399 |-INFO  [main] org.springframework.jmx.export.annotation.AnnotationMBeanExporter [678] -| Located managed bean 'refreshScope': registering with JMX server as MBean [org.springframework.cloud.context.scope.refresh:name=refreshScope,type=RefreshScope]
2017-11-22 11:37:07.431 |-INFO  [main] org.springframework.jmx.export.annotation.AnnotationMBeanExporter [678] -| Located managed bean 'configurationPropertiesRebinder': registering with JMX server as MBean [org.springframework.cloud.context.properties:name=configurationPropertiesRebinder,context=2d36e77e,type=ConfigurationPropertiesRebinder]
2017-11-22 11:37:07.456 |-INFO  [main] org.springframework.jmx.export.annotation.AnnotationMBeanExporter [671] -| Located MBean 'dataSource': registering with JMX server as MBean [com.alibaba.druid.spring.boot.autoconfigure:name=dataSource,type=DruidDataSourceWrapper]
2017-11-22 11:37:07.460 |-INFO  [main] org.springframework.jmx.export.annotation.AnnotationMBeanExporter [671] -| Located MBean 'statFilter': registering with JMX server as MBean [com.alibaba.druid.filter.stat:name=statFilter,type=StatFilter]
2017-11-22 11:37:07.916 |-DEBUG [main] org.hibernate.validator.internal.engine.resolver.DefaultTraversableResolver [80] -| Found javax.persistence.Persistence on classpath, but no method 'getPersistenceUtil'. Assuming JPA 1 environment. All properties will per default be traversable.
2017-11-22 11:37:07.917 |-DEBUG [main] org.hibernate.validator.internal.engine.resolver.DefaultTraversableResolver [80] -| Found javax.persistence.Persistence on classpath, but no method 'getPersistenceUtil'. Assuming JPA 1 environment. All properties will per default be traversable.
2017-11-22 11:37:07.917 |-DEBUG [main] org.hibernate.validator.internal.engine.ConfigurationImpl [163] -| Setting custom MessageInterpolator of type org.springframework.validation.beanvalidation.LocaleContextMessageInterpolator
2017-11-22 11:37:07.918 |-DEBUG [main] org.hibernate.validator.internal.engine.ConfigurationImpl [185] -| Setting custom ConstraintValidatorFactory of type org.springframework.validation.beanvalidation.SpringConstraintValidatorFactory
2017-11-22 11:37:07.918 |-DEBUG [main] org.hibernate.validator.internal.engine.ConfigurationImpl [199] -| Setting custom ParameterNameProvider of type com.sun.proxy.$Proxy29
2017-11-22 11:37:07.919 |-DEBUG [main] org.hibernate.validator.internal.xml.ValidationXmlParser [99] -| Trying to load META-INF/validation.xml for XML based Validator configuration.
2017-11-22 11:37:07.919 |-DEBUG [main] org.hibernate.validator.internal.xml.ResourceLoaderHelper [47] -| Trying to load META-INF/validation.xml via user class loader
2017-11-22 11:37:07.920 |-DEBUG [main] org.hibernate.validator.internal.xml.ResourceLoaderHelper [54] -| Trying to load META-INF/validation.xml via TCCL
2017-11-22 11:37:07.921 |-DEBUG [main] org.hibernate.validator.internal.xml.ResourceLoaderHelper [60] -| Trying to load META-INF/validation.xml via Hibernate Validator's class loader
2017-11-22 11:37:07.922 |-DEBUG [main] org.hibernate.validator.internal.xml.ValidationXmlParser [106] -| No META-INF/validation.xml found. Using annotation based configuration only.
2017-11-22 11:37:07.936 |-INFO  [main] org.springframework.context.support.DefaultLifecycleProcessor [343] -| Starting beans in phase 0
2017-11-22 11:37:07.953 |-INFO  [main] org.springframework.cloud.netflix.eureka.InstanceInfoFactory [70] -| Setting initial instance status as: STARTING
2017-11-22 11:37:08.055 |-INFO  [main] com.netflix.discovery.DiscoveryClient [344] -| Initializing Eureka in region us-east-1
2017-11-22 11:37:08.334 |-INFO  [main] com.netflix.discovery.provider.DiscoveryJerseyProvider [70] -| Using JSON encoding codec LegacyJacksonJson
2017-11-22 11:37:08.335 |-INFO  [main] com.netflix.discovery.provider.DiscoveryJerseyProvider [71] -| Using JSON decoding codec LegacyJacksonJson
2017-11-22 11:37:08.528 |-INFO  [main] com.netflix.discovery.provider.DiscoveryJerseyProvider [80] -| Using XML encoding codec XStreamXml
2017-11-22 11:37:08.529 |-INFO  [main] com.netflix.discovery.provider.DiscoveryJerseyProvider [81] -| Using XML decoding codec XStreamXml
2017-11-22 11:37:08.826 |-INFO  [main] com.netflix.discovery.shared.resolver.aws.ConfigClusterResolver [43] -| Resolving eureka endpoints via configuration
2017-11-22 11:37:08.863 |-INFO  [main] com.netflix.discovery.DiscoveryClient [920] -| Disable delta property : false
2017-11-22 11:37:08.863 |-INFO  [main] com.netflix.discovery.DiscoveryClient [921] -| Single vip registry refresh property : null
2017-11-22 11:37:08.864 |-INFO  [main] com.netflix.discovery.DiscoveryClient [922] -| Force full registry fetch : false
2017-11-22 11:37:08.864 |-INFO  [main] com.netflix.discovery.DiscoveryClient [923] -| Application is null : false
2017-11-22 11:37:08.864 |-INFO  [main] com.netflix.discovery.DiscoveryClient [924] -| Registered Applications size is zero : true
2017-11-22 11:37:08.865 |-INFO  [main] com.netflix.discovery.DiscoveryClient [926] -| Application version is -1: true
2017-11-22 11:37:08.865 |-INFO  [main] com.netflix.discovery.DiscoveryClient [1009] -| Getting all instance registry info from the eureka server
2017-11-22 11:37:09.185 |-INFO  [main] com.netflix.discovery.DiscoveryClient [1018] -| The response status is 200
2017-11-22 11:37:09.189 |-INFO  [main] com.netflix.discovery.DiscoveryClient [1244] -| Starting heartbeat executor: renew interval is: 30
2017-11-22 11:37:09.192 |-INFO  [main] com.netflix.discovery.InstanceInfoReplicator [59] -| InstanceInfoReplicator onDemand update allowed rate per min is 4
2017-11-22 11:37:09.200 |-INFO  [main] com.netflix.discovery.DiscoveryClient [425] -| Discovery Client initialized at timestamp 1511321829199 with initial instances count: 2
2017-11-22 11:37:09.314 |-INFO  [main] org.springframework.cloud.netflix.eureka.serviceregistry.EurekaServiceRegistry [40] -| Registering application ops-service with eureka with status UP
2017-11-22 11:37:09.315 |-INFO  [main] com.netflix.discovery.DiscoveryClient [1279] -| Saw local status change event StatusChangeEvent [timestamp=1511321829315, current=UP, previous=STARTING]
2017-11-22 11:37:09.318 |-INFO  [DiscoveryClient-InstanceInfoReplicator-0] com.netflix.discovery.DiscoveryClient [795] -| DiscoveryClient_OPS-SERVICE/192.168.1.102:ops-service:8088: registering service...
2017-11-22 11:37:09.384 |-INFO  [DiscoveryClient-InstanceInfoReplicator-0] com.netflix.discovery.DiscoveryClient [804] -| DiscoveryClient_OPS-SERVICE/192.168.1.102:ops-service:8088 - registration status: 204
2017-11-22 11:37:09.420 |-INFO  [main] org.apache.coyote.http11.Http11NioProtocol [179] -| Initializing ProtocolHandler ["http-nio-8088"]
2017-11-22 11:37:09.480 |-INFO  [main] org.apache.coyote.http11.Http11NioProtocol [179] -| Starting ProtocolHandler ["http-nio-8088"]
2017-11-22 11:37:09.582 |-INFO  [main] org.apache.tomcat.util.net.NioSelectorPool [179] -| Using a shared selector for servlet write/read
2017-11-22 11:37:09.655 |-INFO  [main] org.springframework.boot.context.embedded.tomcat.TomcatEmbeddedServletContainer [201] -| Tomcat started on port(s): 8088 (http)
2017-11-22 11:37:09.659 |-INFO  [main] org.springframework.cloud.netflix.eureka.serviceregistry.EurekaAutoServiceRegistration [117] -| Updating port to 8088
2017-11-22 11:37:09.669 |-INFO  [main] com.yonyou.cloud.ops.service.OpsServiceApplication [57] -| Started OpsServiceApplication in 14.856 seconds (JVM running for 15.674)
2017-11-22 11:37:27.578 |-INFO  [http-nio-8088-exec-2] org.apache.catalina.core.ContainerBase.[Tomcat].[localhost].[/ops/service] [179] -| Initializing Spring FrameworkServlet 'dispatcherServlet'
2017-11-22 11:37:27.580 |-INFO  [http-nio-8088-exec-2] org.springframework.web.servlet.DispatcherServlet [489] -| FrameworkServlet 'dispatcherServlet': initialization started
2017-11-22 11:37:27.693 |-INFO  [http-nio-8088-exec-2] org.springframework.web.servlet.DispatcherServlet [508] -| FrameworkServlet 'dispatcherServlet': initialization completed in 113 ms
2017-11-22 11:37:27.923 |-INFO  [http-nio-8088-exec-2] com.yonyou.cloud.common.aop.ApiAspect [35] -| com.yonyou.cloud.ops.service.controller.OpsServiceController.getAll将被调用
2017-11-22 11:37:27.970 |-INFO  [http-nio-8088-exec-2] org.springframework.context.annotation.AnnotationConfigApplicationContext [583] -| Refreshing org.springframework.context.annotation.AnnotationConfigApplicationContext@381d1b2d: startup date [Wed Nov 22 11:37:27 CST 2017]; parent: org.springframework.boot.context.embedded.AnnotationConfigEmbeddedWebApplicationContext@2d36e77e
2017-11-22 11:37:28.186 |-INFO  [http-nio-8088-exec-2] org.springframework.beans.factory.annotation.AutowiredAnnotationBeanPostProcessor [155] -| JSR-330 'javax.inject.Inject' annotation found and supported for autowiring
2017-11-22 11:37:28.621 |-INFO  [http-nio-8088-exec-2] com.netflix.config.ChainedDynamicProperty [115] -| Flipping property: EUREKA-SERVICE.ribbon.ActiveConnectionsLimit to use NEXT property: niws.loadbalancer.availabilityFilteringRule.activeConnectionsLimit = 2147483647
2017-11-22 11:37:28.657 |-INFO  [http-nio-8088-exec-2] com.netflix.util.concurrent.ShutdownEnabledTimer [58] -| Shutdown hook installed for: NFLoadBalancer-PingTimer-EUREKA-SERVICE
2017-11-22 11:37:28.717 |-INFO  [http-nio-8088-exec-2] com.netflix.loadbalancer.BaseLoadBalancer [192] -| Client: EUREKA-SERVICE instantiated a LoadBalancer: DynamicServerListLoadBalancer:{NFLoadBalancer:name=EUREKA-SERVICE,current list of Servers=[],Load balancer stats=Zone stats: {},Server stats: []}ServerList:null
2017-11-22 11:37:28.743 |-INFO  [http-nio-8088-exec-2] com.netflix.loadbalancer.DynamicServerListLoadBalancer [214] -| Using serverListUpdater PollingServerListUpdater
2017-11-22 11:37:28.937 |-INFO  [http-nio-8088-exec-2] com.netflix.config.ChainedDynamicProperty [115] -| Flipping property: EUREKA-SERVICE.ribbon.ActiveConnectionsLimit to use NEXT property: niws.loadbalancer.availabilityFilteringRule.activeConnectionsLimit = 2147483647
2017-11-22 11:37:28.950 |-INFO  [http-nio-8088-exec-2] com.netflix.loadbalancer.DynamicServerListLoadBalancer [150] -| DynamicServerListLoadBalancer for client EUREKA-SERVICE initialized: DynamicServerListLoadBalancer:{NFLoadBalancer:name=EUREKA-SERVICE,current list of Servers=[localhost:8761],Load balancer stats=Zone stats: {defaultzone=[Zone:defaultzone;	Instance count:1;	Active connections count: 0;	Circuit breaker tripped count: 0;	Active connections per server: 0.0;]
},Server stats: [[Server:localhost:8761;	Zone:defaultZone;	Total Requests:0;	Successive connection failure:0;	Total blackout seconds:0;	Last connection made:Thu Jan 01 08:00:00 CST 1970;	First connection made: Thu Jan 01 08:00:00 CST 1970;	Active Connections:0;	total failure count in last (1000) msecs:0;	average resp time:0.0;	90 percentile resp time:0.0;	95 percentile resp time:0.0;	min resp time:0.0;	max resp time:0.0;	stddev resp time:0.0]
]}ServerList:org.springframework.cloud.netflix.ribbon.eureka.DomainExtractingServerList@d15b3d1
2017-11-22 11:37:29.540 |-INFO  [http-nio-8088-exec-2] com.yonyou.cloud.common.aop.ApiAspect [54] -| com.yonyou.cloud.ops.service.controller.OpsServiceController.getAll执行耗时:1621 毫秒
2017-11-22 11:37:29.543 |-INFO  [http-nio-8088-exec-2] com.yonyou.cloud.common.aop.ApiAspect [55] -| 执行结果:RestResultResponse [data=EurekaApplications [applications=Applications [versions=1, appHashCode=DOWN_1_UP_2_, application=[Application [name=OPS-SERVICE, Instance=[Instance [instanceId=192.168.1.102:ops-service:8088, hostName=192.168.1.102, app=OPS-SERVICE, ipAddr=192.168.1.102, status=UP, overriddenstatus=UNKNOWN, port=Port [port=8088, enabled=true], securePort=SecurePort [port=443, enabled=false], countryId=1, leaseInfo=LeaseInfo [renewalIntervalInSecs=30, durationInSecs=90, registrationTimestamp=1511321829379, lastRenewalTimestamp=1511321829379, evictionTimestamp=0, serviceUpTimestamp=1511321829379], homePageUrl=http://192.168.1.102:8088/, statusPageUrl=http://192.168.1.102:8088/info, healthCheckUrl=http://192.168.1.102:8088/health, vipAddress=ops-service, secureVipAddress=ops-service, isCoordinatingDiscoveryServer=false, lastUpdatedTimestamp=1511321829379, lastDirtyTimestamp=1511321829314, actionType=ADDED, metadata={dever=benjamin}], Instance [instanceId=192.168.1.102:ops-service:-1, hostName=192.168.1.102, app=OPS-SERVICE, ipAddr=192.168.1.102, status=DOWN, overriddenstatus=UNKNOWN, port=Port [port=-1, enabled=true], securePort=SecurePort [port=443, enabled=false], countryId=1, leaseInfo=LeaseInfo [renewalIntervalInSecs=30, durationInSecs=90, registrationTimestamp=1511267114782, lastRenewalTimestamp=1511267114782, evictionTimestamp=0, serviceUpTimestamp=0], homePageUrl=http://192.168.1.102:-1/, statusPageUrl=http://192.168.1.102:-1/info, healthCheckUrl=http://192.168.1.102:-1/health, vipAddress=ops-service, secureVipAddress=ops-service, isCoordinatingDiscoveryServer=false, lastUpdatedTimestamp=1511267114782, lastDirtyTimestamp=1511267114730, actionType=ADDED, metadata={dever=benjamin}]]], Application [name=EUREKA-SERVICE, Instance=[Instance [instanceId=192.168.1.102:eureka-service:8761, hostName=localhost, app=EUREKA-SERVICE, ipAddr=192.168.1.102, status=UP, overriddenstatus=UNKNOWN, port=Port [port=8761, enabled=true], securePort=SecurePort [port=443, enabled=false], countryId=1, leaseInfo=LeaseInfo [renewalIntervalInSecs=30, durationInSecs=90, registrationTimestamp=1511256605733, lastRenewalTimestamp=1511321902863, evictionTimestamp=0, serviceUpTimestamp=1511256604883], homePageUrl=http://localhost:8761/, statusPageUrl=http://localhost:8761/info, healthCheckUrl=http://localhost:8761/health, vipAddress=eureka-service, secureVipAddress=eureka-service, isCoordinatingDiscoveryServer=true, lastUpdatedTimestamp=1511256605733, lastDirtyTimestamp=1511256575574, actionType=ADDED, metadata={@class=java.util.Collections$EmptyMap}]]]]]], success=true]
2017-11-22 11:37:29.749 |-INFO  [PollingServerListUpdater-0] com.netflix.config.ChainedDynamicProperty [115] -| Flipping property: EUREKA-SERVICE.ribbon.ActiveConnectionsLimit to use NEXT property: niws.loadbalancer.availabilityFilteringRule.activeConnectionsLimit = 2147483647
2017-11-22 11:42:08.891 |-INFO  [AsyncResolver-bootstrap-executor-0] com.netflix.discovery.shared.resolver.aws.ConfigClusterResolver [43] -| Resolving eureka endpoints via configuration
2017-11-22 11:47:08.916 |-INFO  [AsyncResolver-bootstrap-executor-0] com.netflix.discovery.shared.resolver.aws.ConfigClusterResolver [43] -| Resolving eureka endpoints via configuration
2017-11-22 11:52:08.948 |-INFO  [AsyncResolver-bootstrap-executor-0] com.netflix.discovery.shared.resolver.aws.ConfigClusterResolver [43] -| Resolving eureka endpoints via configuration
2017-11-22 11:57:08.983 |-INFO  [AsyncResolver-bootstrap-executor-0] com.netflix.discovery.shared.resolver.aws.ConfigClusterResolver [43] -| Resolving eureka endpoints via configuration
2017-11-22 12:02:09.012 |-INFO  [AsyncResolver-bootstrap-executor-0] com.netflix.discovery.shared.resolver.aws.ConfigClusterResolver [43] -| Resolving eureka endpoints via configuration
2017-11-22 12:07:09.036 |-INFO  [AsyncResolver-bootstrap-executor-0] com.netflix.discovery.shared.resolver.aws.ConfigClusterResolver [43] -| Resolving eureka endpoints via configuration
2017-11-22 12:12:09.091 |-INFO  [AsyncResolver-bootstrap-executor-0] com.netflix.discovery.shared.resolver.aws.ConfigClusterResolver [43] -| Resolving eureka endpoints via configuration
2017-11-22 12:17:09.120 |-INFO  [AsyncResolver-bootstrap-executor-0] com.netflix.discovery.shared.resolver.aws.ConfigClusterResolver [43] -| Resolving eureka endpoints via configuration
2017-11-22 12:22:09.151 |-INFO  [AsyncResolver-bootstrap-executor-0] com.netflix.discovery.shared.resolver.aws.ConfigClusterResolver [43] -| Resolving eureka endpoints via configuration
2017-11-22 12:27:09.175 |-INFO  [AsyncResolver-bootstrap-executor-0] com.netflix.discovery.shared.resolver.aws.ConfigClusterResolver [43] -| Resolving eureka endpoints via configuration
2017-11-22 12:30:20.195 |-INFO  [Thread-14] com.netflix.loadbalancer.PollingServerListUpdater [53] -| Shutting down the Executor Pool for PollingServerListUpdater
2017-11-22 12:30:20.213 |-INFO  [Thread-7] org.springframework.boot.context.embedded.AnnotationConfigEmbeddedWebApplicationContext [984] -| Closing org.springframework.boot.context.embedded.AnnotationConfigEmbeddedWebApplicationContext@2d36e77e: startup date [Wed Nov 22 11:36:56 CST 2017]; parent: org.springframework.context.annotation.AnnotationConfigApplicationContext@117e949d
2017-11-22 12:30:20.307 |-INFO  [Thread-7] org.springframework.cloud.netflix.eureka.serviceregistry.EurekaServiceRegistry [64] -| Unregistering application ops-service with eureka with status DOWN
2017-11-22 12:30:20.325 |-WARN  [Thread-7] com.netflix.discovery.DiscoveryClient [1277] -| Saw local status change event StatusChangeEvent [timestamp=1511325020324, current=DOWN, previous=UP]
2017-11-22 12:30:20.347 |-INFO  [DiscoveryClient-InstanceInfoReplicator-0] com.netflix.discovery.DiscoveryClient [795] -| DiscoveryClient_OPS-SERVICE/192.168.1.102:ops-service:8088: registering service...
2017-11-22 12:30:20.362 |-INFO  [Thread-7] com.netflix.discovery.DiscoveryClient [852] -| Shutting down DiscoveryClient ...
2017-11-22 12:30:20.371 |-INFO  [Thread-7] com.netflix.discovery.DiscoveryClient [884] -| Unregistering ...
2017-11-22 12:30:20.482 |-INFO  [DiscoveryClient-InstanceInfoReplicator-0] com.netflix.discovery.DiscoveryClient [804] -| DiscoveryClient_OPS-SERVICE/192.168.1.102:ops-service:8088 - registration status: 204
2017-11-22 12:30:20.522 |-INFO  [Thread-7] com.netflix.discovery.DiscoveryClient [886] -| DiscoveryClient_OPS-SERVICE/192.168.1.102:ops-service:8088 - deregister  status: 200
2017-11-22 12:30:20.702 |-INFO  [Thread-7] com.netflix.discovery.DiscoveryClient [873] -| Completed shut down of DiscoveryClient
2017-11-22 12:30:20.778 |-INFO  [Thread-7] org.springframework.context.support.DefaultLifecycleProcessor [358] -| Stopping beans in phase 0
2017-11-22 12:30:20.809 |-INFO  [Thread-7] org.springframework.jmx.export.annotation.AnnotationMBeanExporter [449] -| Unregistering JMX-exposed beans on shutdown
2017-11-22 12:30:20.813 |-INFO  [Thread-7] org.springframework.jmx.export.annotation.AnnotationMBeanExporter [241] -| Unregistering JMX-exposed beans
2017-11-22 12:30:20.890 |-INFO  [Thread-7] org.springframework.context.annotation.AnnotationConfigApplicationContext [984] -| Closing org.springframework.context.annotation.AnnotationConfigApplicationContext@381d1b2d: startup date [Wed Nov 22 11:37:27 CST 2017]; parent: org.springframework.boot.context.embedded.AnnotationConfigEmbeddedWebApplicationContext@2d36e77e
2017-11-22 12:30:20.991 |-WARN  [Thread-7] org.springframework.context.annotation.AnnotationConfigApplicationContext [994] -| Exception thrown from ApplicationListener handling ContextClosedEvent
org.springframework.beans.factory.BeanCreationNotAllowedException: Error creating bean with name 'eurekaAutoServiceRegistration': Singleton bean creation not allowed while singletons of this factory are in destruction (Do not request a bean from a BeanFactory in a destroy method implementation!)
	at org.springframework.beans.factory.support.DefaultSingletonBeanRegistry.getSingleton(DefaultSingletonBeanRegistry.java:216)
	at org.springframework.beans.factory.support.AbstractBeanFactory.doGetBean(AbstractBeanFactory.java:302)
	at org.springframework.beans.factory.support.AbstractBeanFactory.getBean(AbstractBeanFactory.java:197)
	at org.springframework.context.support.AbstractApplicationContext.getBean(AbstractApplicationContext.java:1078)
	at org.springframework.context.event.ApplicationListenerMethodAdapter.getTargetBean(ApplicationListenerMethodAdapter.java:283)
	at org.springframework.context.event.ApplicationListenerMethodAdapter.doInvoke(ApplicationListenerMethodAdapter.java:253)
	at org.springframework.context.event.ApplicationListenerMethodAdapter.processEvent(ApplicationListenerMethodAdapter.java:177)
	at org.springframework.context.event.ApplicationListenerMethodAdapter.onApplicationEvent(ApplicationListenerMethodAdapter.java:140)
	at org.springframework.context.event.SimpleApplicationEventMulticaster.doInvokeListener(SimpleApplicationEventMulticaster.java:172)
	at org.springframework.context.event.SimpleApplicationEventMulticaster.invokeListener(SimpleApplicationEventMulticaster.java:165)
	at org.springframework.context.event.SimpleApplicationEventMulticaster.multicastEvent(SimpleApplicationEventMulticaster.java:139)
	at org.springframework.context.support.AbstractApplicationContext.publishEvent(AbstractApplicationContext.java:393)
	at org.springframework.context.support.AbstractApplicationContext.publishEvent(AbstractApplicationContext.java:399)
	at org.springframework.context.support.AbstractApplicationContext.publishEvent(AbstractApplicationContext.java:347)
	at org.springframework.context.support.AbstractApplicationContext.doClose(AbstractApplicationContext.java:991)
	at org.springframework.context.support.AbstractApplicationContext.close(AbstractApplicationContext.java:958)
	at org.springframework.cloud.context.named.NamedContextFactory.destroy(NamedContextFactory.java:76)
	at org.springframework.beans.factory.support.DisposableBeanAdapter.destroy(DisposableBeanAdapter.java:272)
	at org.springframework.beans.factory.support.DefaultSingletonBeanRegistry.destroyBean(DefaultSingletonBeanRegistry.java:578)
	at org.springframework.beans.factory.support.DefaultSingletonBeanRegistry.destroySingleton(DefaultSingletonBeanRegistry.java:554)
	at org.springframework.beans.factory.support.DefaultListableBeanFactory.destroySingleton(DefaultListableBeanFactory.java:961)
	at org.springframework.beans.factory.support.DefaultSingletonBeanRegistry.destroySingletons(DefaultSingletonBeanRegistry.java:523)
	at org.springframework.beans.factory.support.FactoryBeanRegistrySupport.destroySingletons(FactoryBeanRegistrySupport.java:230)
	at org.springframework.beans.factory.support.DefaultListableBeanFactory.destroySingletons(DefaultListableBeanFactory.java:968)
	at org.springframework.context.support.AbstractApplicationContext.destroyBeans(AbstractApplicationContext.java:1030)
	at org.springframework.context.support.AbstractApplicationContext.doClose(AbstractApplicationContext.java:1006)
	at org.springframework.context.support.AbstractApplicationContext$2.run(AbstractApplicationContext.java:929)
2017-11-22 12:30:21.015 |-INFO  [Thread-7] com.netflix.util.concurrent.ShutdownEnabledTimer [67] -| Shutdown hook removed for: NFLoadBalancer-PingTimer-EUREKA-SERVICE
2017-11-22 12:30:21.025 |-INFO  [Thread-7] com.netflix.util.concurrent.ShutdownEnabledTimer [72] -| Exception caught (might be ok if at shutdown)
java.lang.IllegalStateException: Shutdown in progress
	at java.lang.ApplicationShutdownHooks.remove(ApplicationShutdownHooks.java:82)
	at java.lang.Runtime.removeShutdownHook(Runtime.java:239)
	at com.netflix.util.concurrent.ShutdownEnabledTimer.cancel(ShutdownEnabledTimer.java:70)
	at com.netflix.loadbalancer.BaseLoadBalancer.cancelPingTask(BaseLoadBalancer.java:613)
	at com.netflix.loadbalancer.BaseLoadBalancer.shutdown(BaseLoadBalancer.java:864)
	at com.netflix.loadbalancer.DynamicServerListLoadBalancer.shutdown(DynamicServerListLoadBalancer.java:277)
	at sun.reflect.NativeMethodAccessorImpl.invoke0(Native Method)
	at sun.reflect.NativeMethodAccessorImpl.invoke(NativeMethodAccessorImpl.java:62)
	at sun.reflect.DelegatingMethodAccessorImpl.invoke(DelegatingMethodAccessorImpl.java:43)
	at java.lang.reflect.Method.invoke(Method.java:497)
	at org.springframework.beans.factory.support.DisposableBeanAdapter.invokeCustomDestroyMethod(DisposableBeanAdapter.java:364)
	at org.springframework.beans.factory.support.DisposableBeanAdapter.destroy(DisposableBeanAdapter.java:287)
	at org.springframework.beans.factory.support.DefaultSingletonBeanRegistry.destroyBean(DefaultSingletonBeanRegistry.java:578)
	at org.springframework.beans.factory.support.DefaultSingletonBeanRegistry.destroySingleton(DefaultSingletonBeanRegistry.java:554)
	at org.springframework.beans.factory.support.DefaultListableBeanFactory.destroySingleton(DefaultListableBeanFactory.java:961)
	at org.springframework.beans.factory.support.DefaultSingletonBeanRegistry.destroySingletons(DefaultSingletonBeanRegistry.java:523)
	at org.springframework.beans.factory.support.FactoryBeanRegistrySupport.destroySingletons(FactoryBeanRegistrySupport.java:230)
	at org.springframework.beans.factory.support.DefaultListableBeanFactory.destroySingletons(DefaultListableBeanFactory.java:968)
	at org.springframework.context.support.AbstractApplicationContext.destroyBeans(AbstractApplicationContext.java:1030)
	at org.springframework.context.support.AbstractApplicationContext.doClose(AbstractApplicationContext.java:1006)
	at org.springframework.context.support.AbstractApplicationContext.close(AbstractApplicationContext.java:958)
	at org.springframework.cloud.context.named.NamedContextFactory.destroy(NamedContextFactory.java:76)
	at org.springframework.beans.factory.support.DisposableBeanAdapter.destroy(DisposableBeanAdapter.java:272)
	at org.springframework.beans.factory.support.DefaultSingletonBeanRegistry.destroyBean(DefaultSingletonBeanRegistry.java:578)
	at org.springframework.beans.factory.support.DefaultSingletonBeanRegistry.destroySingleton(DefaultSingletonBeanRegistry.java:554)
	at org.springframework.beans.factory.support.DefaultListableBeanFactory.destroySingleton(DefaultListableBeanFactory.java:961)
	at org.springframework.beans.factory.support.DefaultSingletonBeanRegistry.destroySingletons(DefaultSingletonBeanRegistry.java:523)
	at org.springframework.beans.factory.support.FactoryBeanRegistrySupport.destroySingletons(FactoryBeanRegistrySupport.java:230)
	at org.springframework.beans.factory.support.DefaultListableBeanFactory.destroySingletons(DefaultListableBeanFactory.java:968)
	at org.springframework.context.support.AbstractApplicationContext.destroyBeans(AbstractApplicationContext.java:1030)
	at org.springframework.context.support.AbstractApplicationContext.doClose(AbstractApplicationContext.java:1006)
	at org.springframework.context.support.AbstractApplicationContext$2.run(AbstractApplicationContext.java:929)
2017-11-22 12:30:21.065 |-INFO  [Thread-7] org.springframework.context.annotation.AnnotationConfigApplicationContext [984] -| Closing org.springframework.context.annotation.AnnotationConfigApplicationContext@6c9320c2: startup date [Wed Nov 22 11:37:01 CST 2017]; parent: org.springframework.boot.context.embedded.AnnotationConfigEmbeddedWebApplicationContext@2d36e77e
2017-11-22 12:30:21.094 |-WARN  [Thread-7] org.springframework.context.annotation.AnnotationConfigApplicationContext [994] -| Exception thrown from ApplicationListener handling ContextClosedEvent
org.springframework.beans.factory.BeanCreationNotAllowedException: Error creating bean with name 'eurekaAutoServiceRegistration': Singleton bean creation not allowed while singletons of this factory are in destruction (Do not request a bean from a BeanFactory in a destroy method implementation!)
	at org.springframework.beans.factory.support.DefaultSingletonBeanRegistry.getSingleton(DefaultSingletonBeanRegistry.java:216)
	at org.springframework.beans.factory.support.AbstractBeanFactory.doGetBean(AbstractBeanFactory.java:302)
	at org.springframework.beans.factory.support.AbstractBeanFactory.getBean(AbstractBeanFactory.java:197)
	at org.springframework.context.support.AbstractApplicationContext.getBean(AbstractApplicationContext.java:1078)
	at org.springframework.context.event.ApplicationListenerMethodAdapter.getTargetBean(ApplicationListenerMethodAdapter.java:283)
	at org.springframework.context.event.ApplicationListenerMethodAdapter.doInvoke(ApplicationListenerMethodAdapter.java:253)
	at org.springframework.context.event.ApplicationListenerMethodAdapter.processEvent(ApplicationListenerMethodAdapter.java:177)
	at org.springframework.context.event.ApplicationListenerMethodAdapter.onApplicationEvent(ApplicationListenerMethodAdapter.java:140)
	at org.springframework.context.event.SimpleApplicationEventMulticaster.doInvokeListener(SimpleApplicationEventMulticaster.java:172)
	at org.springframework.context.event.SimpleApplicationEventMulticaster.invokeListener(SimpleApplicationEventMulticaster.java:165)
	at org.springframework.context.event.SimpleApplicationEventMulticaster.multicastEvent(SimpleApplicationEventMulticaster.java:139)
	at org.springframework.context.support.AbstractApplicationContext.publishEvent(AbstractApplicationContext.java:393)
	at org.springframework.context.support.AbstractApplicationContext.publishEvent(AbstractApplicationContext.java:399)
	at org.springframework.context.support.AbstractApplicationContext.publishEvent(AbstractApplicationContext.java:347)
	at org.springframework.context.support.AbstractApplicationContext.doClose(AbstractApplicationContext.java:991)
	at org.springframework.context.support.AbstractApplicationContext.close(AbstractApplicationContext.java:958)
	at org.springframework.cloud.context.named.NamedContextFactory.destroy(NamedContextFactory.java:76)
	at org.springframework.beans.factory.support.DisposableBeanAdapter.destroy(DisposableBeanAdapter.java:272)
	at org.springframework.beans.factory.support.DefaultSingletonBeanRegistry.destroyBean(DefaultSingletonBeanRegistry.java:578)
	at org.springframework.beans.factory.support.DefaultSingletonBeanRegistry.destroySingleton(DefaultSingletonBeanRegistry.java:554)
	at org.springframework.beans.factory.support.DefaultListableBeanFactory.destroySingleton(DefaultListableBeanFactory.java:961)
	at org.springframework.beans.factory.support.DefaultSingletonBeanRegistry.destroySingletons(DefaultSingletonBeanRegistry.java:523)
	at org.springframework.beans.factory.support.FactoryBeanRegistrySupport.destroySingletons(FactoryBeanRegistrySupport.java:230)
	at org.springframework.beans.factory.support.DefaultListableBeanFactory.destroySingletons(DefaultListableBeanFactory.java:968)
	at org.springframework.context.support.AbstractApplicationContext.destroyBeans(AbstractApplicationContext.java:1030)
	at org.springframework.context.support.AbstractApplicationContext.doClose(AbstractApplicationContext.java:1006)
	at org.springframework.context.support.AbstractApplicationContext$2.run(AbstractApplicationContext.java:929)
